Determining if the pthread_create exist failed with the following output:
Change Dir: /home/param/catkin_ws/build/CMakeFiles/CMakeTmp

Run Build Command:"/usr/bin/make" "cmTC_d198b/fast"
/usr/bin/make -f CMakeFiles/cmTC_d198b.dir/build.make CMakeFiles/cmTC_d198b.dir/build
make[1]: Entering directory '/home/param/catkin_ws/build/CMakeFiles/CMakeTmp'
Building C object CMakeFiles/cmTC_d198b.dir/CheckSymbolExists.c.o
/usr/bin/cc     -o CMakeFiles/cmTC_d198b.dir/CheckSymbolExists.c.o   -c /home/param/catkin_ws/build/CMakeFiles/CMakeTmp/CheckSymbolExists.c
Linking C executable cmTC_d198b
/usr/bin/cmake -E cmake_link_script CMakeFiles/cmTC_d198b.dir/link.txt --verbose=1
/usr/bin/cc       CMakeFiles/cmTC_d198b.dir/CheckSymbolExists.c.o  -o cmTC_d198b -rdynamic 
CMakeFiles/cmTC_d198b.dir/CheckSymbolExists.c.o: In function `main':
CheckSymbolExists.c:(.text+0x16): undefined reference to `pthread_create'
collect2: error: ld returned 1 exit status
CMakeFiles/cmTC_d198b.dir/build.make:97: recipe for target 'cmTC_d198b' failed
make[1]: *** [cmTC_d198b] Error 1
make[1]: Leaving directory '/home/param/catkin_ws/build/CMakeFiles/CMakeTmp'
Makefile:126: recipe for target 'cmTC_d198b/fast' failed
make: *** [cmTC_d198b/fast] Error 2

File /home/param/catkin_ws/build/CMakeFiles/CMakeTmp/CheckSymbolExists.c:
/* */
#include <pthread.h>

int main(int argc, char** argv)
{
  (void)argv;
#ifndef pthread_create
  return ((int*)(&pthread_create))[argc];
#else
  (void)argc;
  return 0;
#endif
}

Determining if the function pthread_create exists in the pthreads failed with the following output:
Change Dir: /home/param/catkin_ws/build/CMakeFiles/CMakeTmp

Run Build Command:"/usr/bin/make" "cmTC_64c21/fast"
/usr/bin/make -f CMakeFiles/cmTC_64c21.dir/build.make CMakeFiles/cmTC_64c21.dir/build
make[1]: Entering directory '/home/param/catkin_ws/build/CMakeFiles/CMakeTmp'
Building C object CMakeFiles/cmTC_64c21.dir/CheckFunctionExists.c.o
/usr/bin/cc    -DCHECK_FUNCTION_EXISTS=pthread_create   -o CMakeFiles/cmTC_64c21.dir/CheckFunctionExists.c.o   -c /usr/share/cmake-3.5/Modules/CheckFunctionExists.c
Linking C executable cmTC_64c21
/usr/bin/cmake -E cmake_link_script CMakeFiles/cmTC_64c21.dir/link.txt --verbose=1
/usr/bin/cc   -DCHECK_FUNCTION_EXISTS=pthread_create    CMakeFiles/cmTC_64c21.dir/CheckFunctionExists.c.o  -o cmTC_64c21 -rdynamic -lpthreads 
/usr/bin/ld: cannot find -lpthreads
collect2: error: ld returned 1 exit status
CMakeFiles/cmTC_64c21.dir/build.make:97: recipe for target 'cmTC_64c21' failed
make[1]: *** [cmTC_64c21] Error 1
make[1]: Leaving directory '/home/param/catkin_ws/build/CMakeFiles/CMakeTmp'
Makefile:126: recipe for target 'cmTC_64c21/fast' failed
make: *** [cmTC_64c21/fast] Error 2


